Use provided 4d attn-mask
Use provided 4d attn-mask
==================== Generating... 2048
==================== Unconditional gen...
*** Start sampling, random keep...
have 2 games left in the round. It looked like he was playing "risk with only a draw and went back with a 1½½ draw. Then in the last 6 he ended up behind with a ½ draw. Steve showed great attitude with a enthusiasm of almost farcical quality to survive this nasty situation. With time to take the game away he won the last 2-1 draw to end up the round with 2 wins and a 3½-1½ result of 144. Very sorry farve now! Will have to be more careful than that in that situation! Anyway Steve understood how he felt like after losing the game which is why suggested to steve might think he'd been regenerating. He didn't quite see it this way!
It was an interesting game the one I had with Robert Knevich. This was only the 3rd round, so it was just an interesting game against a slightly better player in the end. This is part of a mini-series so I guess it takes time to have a result of 23½0. Every time one of them won a half point, so the pressure was on his opponent. Early in the beginning it was looking like a 2, but a 1½ look in the end. He was against opponent a at the moment as well so I didn't really know of the way to go. He asked me for to have a quick word with him. As well as his round, 200, he had just gone up to 200 himself.</s> Q: PHP code issue: changing output one in my code. I am trying to do some on a json file. I run a function the following way:
function open($json):
    foreach (json = jsonr in a, d,b,e, $) as string):
    print("jsonr:", jsonr($json)

However, I get to the function json it properly contains the json, then after changing the json, re-run the function that contains the json, the json changes. I also get the following for
"example.com/example.com/portal/16438.php?langId=243&pageId=1111":
7500, array(1806), array(2,5 1824, ??
"example.com/example.com/portal/71?pageId=1111" will return the following 2:
1220

If I run the first example, it's returning 123. If I ask for example.com, that's returned. I re-run any of anything, the same string is returned. However if I re- the json so it no longer contain as if it were the original string, every time, I return back to what it's originally contained.
For example.com/portal.php?langId=384" will return something for example, 3, which also contains:
In the string I also get that it's a portal with portal. However, if I re- the json from the original json string, then the second use of portal now returns the portal1, because it's returned in the file, but only once. What the heck portal1 is this related to?
Any idea what's going in the output??
So in the end, I'm not using jsonfunction as it only returns the contents of the body of the JSON file that the function. I just feel like this would take a lot of work, how can I cut it down.
Try this:
$json = jsonr(12, "12,");
$ json = jsonr(122, "12");

unset($jsonUrl $json = "portal/71?pageId=1111");

</s> play a lot of poker games free now available on your PCt mobile device!
All you need to know about our 2022 Talaji $14,000 scholarships in 2022
Dominates are invited to apply government-funded scholarships in 2022 academic year by applying to the top university.
Students of Tajaji are encouraged to apply for scholarships. There is more available now including the Tajaji Ground scholarship in 2022.
Talaji is proud to be the first undergraduate college to win the Best Asian International Student's Scholarship Award.
Talaji is a leading university with students from over 1500 students from the USA and Europe, 14 countries from India and a total population.
Taladaji is a charity college and a university that is considered to be one of the best in Maharas India.
As a leading india institution of education in the high-tech field Talaji encourages students to their professional and careers while providing equal opportunities to local communities.
Talaji's mission is to create a higher education. Funded by the Government of Maharashtra, Talaji is for scholars and artists through teaching, and knowledge through research.
Talaji is widely considered to be the 2nd university in the world.
Tajaji Ground is the same exact award as the International Tajaji Grground scholarship.
2022 hindi
President confrrns Guwati's Republic Day
Latest news breakthrough in Mumbai is defending tempo
global unity ready for arms tussle, says independence report
Indian PM to put out budget statement next week
President Barack calls for investment boost in India in 2022
Indian, Still Finnish</s> After accumulating several years of experience in designing tools for processing and processing languages for natural language, I decided to try a different approach. My first choice is Deep Learning Google's book for Part 2 Training of Natural Language Processing, Processing and Learning. I found the content in the book and got quite a lot of excitement from working on all the new technologies in this model, especially at the higher level. That was the first time I understand all the major factors of making this model are going into more than expected, by the programming team at Google. The book editors, phrases and spells the stories behind for every feature.
Getting to Improving Language Processing you will learn how to use sentence and word features to improve your language models. If, you don't know anything about a sentence, word, or model, this book is for you. The book then introduces the concept of crosstlation. It allows to train and evaluate models on multilingual sentences, make your own model, and learn how to prepare your data and trainingize them quickly.
This thorough language processing empowers you and makes it easy and learn about concepts in a clear language. While learning them, the examples are relevant. Specifically, the book focuses on the various techniques to guide you through the creation of natural language processing models, such as memory condition and RNN2015 LSTM and data augmentation. What is a novel experience here. But it uses advanced neural networks, reinforcement models, GAN, and other data processing.
Currently, it has been unknown to CARM2, a program that can teach you rudimentary skills and unlock the potential of your own brain. The program was developed in the early 2000s and the language of C use. The program is very good in terms of a small and elegant language engine that aims to develop in various new developments in computer.
I tell you that you are not good with the gaming engine structure. But, you will have to connection to this game. Because the game is as realistic and as compelling and funny as CARM2. The game also has themes for developing your person skills.
Founded in April 2012, it is a global provider of innovative programs, teaching courses, and training facilities. In 2012, IST was upgraded the technology program in 2015. The educators, parents or teachers get more benefits from using the technology in the classroom. But it is also useful on the learning side, especially in IST educational institutions.</s> Faith in Humanity: A Traditional Perspective on The Divine Grace of Faith
A. Bosom
(The Angle, Canada)
Author
Total works of 74 works
A. Bosom is author of 74 works and published (74 works)
All academics are available for access.
Edited Book Name:
197820+16 204 82 625 997
Primary Journal Name
A International Research Journal of Colleges of Armines (BR) Vol 22: 6 (1916): 410-20
A International Research Journal of Colleges of Armines (BR) 11:5(2016):11-18.
ResjournDiagon, 5 min, Vol of 11:50(2016): 1-18, available at https://resjournjournal.com/node.678801, Jul 10 
==================== Prefix gen...
*** Start sampling, random keep...
<s> Today is a wonderful day, very sunny, and it is even more special. Let us take some time to take in this unique place, our shade of this beautiful landscape.
The view of the top of Château des Fougailles from our window on the ninth of March, at the end of the day, in Côte des Faux-Az.
Château des Fougeaux is situated on a rock.
A few casades have cut themselves in the rock and they are falling thanks to the water that runs in the valley there below. It is in a way that goes on scale.
This is a view in the way, it can come here to go there.
On the first summer day of this new year, I chose a little hamlet of Les B'elches, on the Loleine.
To come in the summer solid's night.
Laying in to the Sun. The path you want to take, you to leave it in peace, to come in to find, knowing what it should be be done. I trust.
The empty space is filled, thanks to the spring weather we had in the last days.
Spring has taken a place, spring, spring has passed, summer has come.
At at the weekend of the spring, in the Four Grenadiers, of Le Châtelau.
The moraite was one of those I not yet know.
My first view is again in the evening, on the second mountain day, of the mist, that had settled down.
Today it is autumn, in nature it is still spring.
In the autumn, on a new mountain, in Italy, the end of July, at the edge of la fleur du Mont Blanc.
Bet the valley and Les B'elches where the atmosphere is calm.
A walk in Les B'elches on a mountain in France, after snow.
For my swim in the fountain and for a lunch, the mouill de Fontaintes-Greens place.</s> Gone than the beautiful what's nice to savage of the past.
My heart cries out and take the heart away from you.
I worried a lot.
A year I' that's eight and nine... the nothing is nothing.
And I am so big for a small thing again.
no, I may be to heaven?
But I'm not going to go.
you have, dear man.
You always take the loved one to a place like me.
I think it would be good
I would love most to be with you to this trinity.
When I was a child, i.e. my mother did.
I think it is a little great figure by think of your family.
It's really awesome.
wow... new to your site, and i will be checking your for a time, thank you.
I thought of... that the world is not such a thing as "there... is"... and the same I did.
you too have that opportunity, the same you have a story.
Still told me that... like a can steer, Bernhardt newborn.
I think that you will be an author... be made of roses.
Have never been a story around the you... I think i imagine, yes.
And you have that she lives around the corner.
You are as big as a mankind, i.e. from the beginning
nor I gave for you... he is of your family.
would have took the answer.
Should not have a bathroom.
But of course, to shower by for yourself.
I thought of... is if i do not... I'm so tired.
If I do not... I would love to walk... and lie at the bottom of the pond.
 I'll be lost for my hand over the things.
The one of the world... of the Wonderful World.
If it's a pretty serious job.</s> Ja,ar and James are re-Sports, with memory.
Basketball players are forced to play for their bodies and the game for their spirit.
You love to watch Sha, No. The 30 is time-old days ago, and when time and again they are all about basketball for today. Ja at Georgia was a game for James's best era-good teams, but in the resounding of a dreams under the basketball to the ground, in the season that his last season's is haunting at the end.
Jaaguar is 22, and James's body and Ja's in this body a reference point of what does not quite match.
James is a body, and in a body of what does not quite match. In the class of Hanks, the 30, and Ja players were in basketball good enough to do a pre-packed sit-in on Tuesday, he was one of them, James's father, her birth, in Atlanta, and playing for Jaguar, Ja's longtime 30 friend, and took with her in Ja transfer to Georgia University, to 2007, and father's father to the South Carolina team, is competing North Carolina's two major leagues, so stayed, for two days, at the father's church, St. Georgia's First Baptist Church, Savage, miles away from the campus of Georgia University.
In today's NBA coach Jaguar, too young, is defined as the Russian Rae of a generation ofinformers, revolutionaries, and James have such a role. The New York native Ja, in fact is the leader of the class of Hanks, at the top five seasons, and had time to play in college as well, because of the NBA's dismissiveness, most players, not most of.
There always has been a talk about James, which is still a great source of hope — that will go up. But there will be a point when Ja, the teammates, in fact, it may be as close to say a fare.
"Ja's my friend." The first thing Jackson said, "He's the only basketball player that we have to think that way."
In his first year, most players want to give up on James." Ja, didn't graduate high, from Ja high, and the next year's the class, the 30 best schools, it would be.
"I'm going to return to the years of basketball and the words that came with it," said 20-year-old Louisville Jaguar
Ja Jackson, who signed to play for Ja to a professional team, will soon be joining the door in a hurry. James's right, the best thing we have seen, and then Ja had experienced a sense of realism they haven't know as a whole life. Like spending time in the sun, shining, like Jackie Robinson at night — all these at the same time at the core of their beings.
The touch of Ja, James at age is nearing a goodbye. Played with Riley — has been four times in in the NBA, has been 14th time — and four three.
These are facts — which is why James is Ja No. His spirit is No. carries a whole 14 that is indefinite. Certainly shows that he is no.
"It's the reality and it may be a little bit of a tough, for now," said Mike Bates, who in the NBA is Jaguar's assistant coach for almost 2022.
Even in the reality, James's bestness of his passion for the college game is a myth, and when he was running for Georgia's coaching job, the first time in 2010, he Hank's head coach, after Milo Howard, is able to get a career head coach in Hanks. And Ja, in the end season last year, and every game out there has been a sneak to the players and didn't quite give any of fans.
While all of the history of the stars, and with all the other current and future stars at Hanks, are competing in the history, there are no other players' play-outs shots, Ja's.
If Jackson, said, regarding his future, plays in the NBA's all-time games will be one of his load of broken-fake.
"I was told a lot and you never know what's going to figuring out how you are picking the pieces back together," he said, seemingly. It's a sport, but they go to a sport, it's something everybody knows.
Modernity, in the name James will be spelled, rings there with the loudest Sundays. He is not familiar with the club' low and humbness, and he has a dignity, also- beguiling sense of being the man he was would not be ashamed in it.
There is no way to see if Ja will be, but I know he did not lost at the beginning, it was the only place he wanted to enter the world as the day-in-a-kind.
Coming back his trip to Hanks in 2007, there were many times he touches on the halcyon days. I believe he got it back. That was a great thing. But he's the most exciting to say he are
